#
# There is insufficient memory for the Java Runtime Environment to continue.
# Native memory allocation (malloc) failed to allocate 1856976 bytes. Error detail: Chunk::new
# Possible reasons:
#   The system is out of physical RAM or swap space
#   This process is running with CompressedOops enabled, and the Java Heap may be blocking the growth of the native heap
# Possible solutions:
#   Reduce memory load on the system
#   Increase physical memory or swap space
#   Check if swap backing store is full
#   Decrease Java heap size (-Xmx/-Xms)
#   Decrease number of Java threads
#   Decrease Java thread stack sizes (-Xss)
#   Set larger code cache with -XX:ReservedCodeCacheSize=
#   JVM is running with Unscaled Compressed Oops mode in which the Java heap is
#     placed in the first 4GB address space. The Java Heap base address is the
#     maximum limit for the native heap growth. Please use -XX:HeapBaseMinAddress
#     to set the Java Heap base and to place the Java Heap above 4GB virtual address.
# This output file may be truncated or incomplete.
#
#  Out of Memory Error (arena.cpp:150), pid=24264, tid=23648
#
# JRE version: OpenJDK Runtime Environment Corretto-22.0.2.9.1 (22.0.2+9) (build 22.0.2+9-FR)
# Java VM: OpenJDK 64-Bit Server VM Corretto-22.0.2.9.1 (22.0.2+9-FR, mixed mode, sharing, tiered, compressed oops, compressed class ptrs, g1 gc, windows-amd64)
# No core dump will be written. Minidumps are not enabled by default on client versions of Windows
#

---------------  S U M M A R Y ------------

Command Line: -DwatchParentProcess=false -XX:+ExitOnOutOfMemoryError -XX:+HeapDumpOnOutOfMemoryError -XX:HeapDumpPath=c:\Users\My Lap\AppData\Roaming\Code\User\globalStorage\redhat.vscode-xml -Xmx64M org.eclipse.lemminx.XMLServerLauncher

Host: Intel(R) Core(TM) i7-10750H CPU @ 2.60GHz, 12 cores, 7G,  Windows 11 , 64 bit Build 26100 (10.0.26100.6725)
Time: Wed Oct 22 15:46:32 2025 SE Asia Standard Time elapsed time: 17.083804 seconds (0d 0h 0m 17s)

---------------  T H R E A D  ---------------

Current thread (0x0000027e4116a900):  JavaThread "C2 CompilerThread0" daemon [_thread_in_native, id=23648, stack(0x000000e33c900000,0x000000e33ca00000) (1024K)]


Current CompileTask:
C2:17084 1765       4       java.lang.invoke.MethodType::makeImpl (109 bytes)

Stack: [0x000000e33c900000,0x000000e33ca00000]
Native frames: (J=compiled Java code, j=interpreted, Vv=VM code, C=native code)
V  [jvm.dll+0x6f7bb9]  (no source info available)
V  [jvm.dll+0x8dc245]  (no source info available)
V  [jvm.dll+0x8de4ae]  (no source info available)
V  [jvm.dll+0x8deb93]  (no source info available)
V  [jvm.dll+0x28d336]  (no source info available)
V  [jvm.dll+0xc500f]  (no source info available)
V  [jvm.dll+0xc526b]  (no source info available)
V  [jvm.dll+0x3cbe51]  (no source info available)
V  [jvm.dll+0x39813d]  (no source info available)
V  [jvm.dll+0x3975aa]  (no source info available)
V  [jvm.dll+0x253fe0]  (no source info available)
V  [jvm.dll+0x2537f1]  (no source info available)
V  [jvm.dll+0x1cef4a]  (no source info available)
V  [jvm.dll+0x263335]  (no source info available)
V  [jvm.dll+0x2615fb]  (no source info available)
V  [jvm.dll+0x407456]  (no source info available)
V  [jvm.dll+0x883778]  (no source info available)
V  [jvm.dll+0x6f63c5]  (no source info available)
C  [ucrtbase.dll+0x37b0]  (no source info available)
C  [KERNEL32.DLL+0x2e8d7]  (no source info available)
C  [ntdll.dll+0x8c53c]  (no source info available)


---------------  P R O C E S S  ---------------

Threads class SMR info:
_java_thread_list=0x0000027e41929620, length=15, elements={
0x0000027e41141800, 0x0000027e41142610, 0x0000027e41145cb0, 0x0000027e41146710,
0x0000027e4114b340, 0x0000027e4114c1b0, 0x0000027e4116a900, 0x0000027e4116f6a0,
0x0000027e413c5a20, 0x0000027e413d20f0, 0x0000027e416f8af0, 0x0000027e4cd74390,
0x0000027e41919c30, 0x0000027e41804990, 0x0000027e41811fb0
}

Java Threads: ( => current thread )
  0x0000027e41141800 JavaThread "Reference Handler"          daemon [_thread_blocked, id=29452, stack(0x000000e33c300000,0x000000e33c400000) (1024K)]
  0x0000027e41142610 JavaThread "Finalizer"                  daemon [_thread_blocked, id=1448, stack(0x000000e33c400000,0x000000e33c500000) (1024K)]
  0x0000027e41145cb0 JavaThread "Signal Dispatcher"          daemon [_thread_blocked, id=19964, stack(0x000000e33c500000,0x000000e33c600000) (1024K)]
  0x0000027e41146710 JavaThread "Attach Listener"            daemon [_thread_blocked, id=17776, stack(0x000000e33c600000,0x000000e33c700000) (1024K)]
  0x0000027e4114b340 JavaThread "Service Thread"             daemon [_thread_blocked, id=21420, stack(0x000000e33c700000,0x000000e33c800000) (1024K)]
  0x0000027e4114c1b0 JavaThread "Monitor Deflation Thread"   daemon [_thread_blocked, id=29292, stack(0x000000e33c800000,0x000000e33c900000) (1024K)]
=>0x0000027e4116a900 JavaThread "C2 CompilerThread0"         daemon [_thread_in_native, id=23648, stack(0x000000e33c900000,0x000000e33ca00000) (1024K)]
  0x0000027e4116f6a0 JavaThread "C1 CompilerThread0"         daemon [_thread_blocked, id=20164, stack(0x000000e33ca00000,0x000000e33cb00000) (1024K)]
  0x0000027e413c5a20 JavaThread "Notification Thread"        daemon [_thread_blocked, id=19840, stack(0x000000e33cb00000,0x000000e33cc00000) (1024K)]
  0x0000027e413d20f0 JavaThread "Common-Cleaner"             daemon [_thread_blocked, id=29564, stack(0x000000e33cc00000,0x000000e33cd00000) (1024K)]
  0x0000027e416f8af0 JavaThread "pool-4-thread-1"                   [_thread_in_native, id=29560, stack(0x000000e33cd00000,0x000000e33ce00000) (1024K)]
  0x0000027e4cd74390 JavaThread "DestroyJavaVM"                     [_thread_blocked, id=21816, stack(0x000000e33bb00000,0x000000e33bc00000) (1024K)]
  0x0000027e41919c30 JavaThread "pool-5-thread-1"                   [_thread_blocked, id=1672, stack(0x000000e33ce00000,0x000000e33cf00000) (1024K)]
  0x0000027e41804990 JavaThread "ForkJoinPool.commonPool-worker-1" daemon [_thread_blocked, id=12824, stack(0x000000e33cf00000,0x000000e33d000000) (1024K)]
  0x0000027e41811fb0 JavaThread "ForkJoinPool.commonPool-worker-2" daemon [_thread_blocked, id=25864, stack(0x000000e33d900000,0x000000e33da00000) (1024K)]
Total: 15

Other Threads:
  0x0000027e41125370 VMThread "VM Thread"                           [id=27000, stack(0x000000e33c200000,0x000000e33c300000) (1024K)]
  0x0000027e4e90fb50 WatcherThread "VM Periodic Task Thread"        [id=27060, stack(0x000000e33c100000,0x000000e33c200000) (1024K)]
  0x0000027e4e879df0 WorkerThread "GC Thread#0"                     [id=20824, stack(0x000000e33bc00000,0x000000e33bd00000) (1024K)]
  0x0000027e41aef310 WorkerThread "GC Thread#1"                     [id=6760, stack(0x000000e33d000000,0x000000e33d100000) (1024K)]
  0x0000027e41aef6c0 WorkerThread "GC Thread#2"                     [id=29440, stack(0x000000e33d100000,0x000000e33d200000) (1024K)]
  0x0000027e41ae7e50 WorkerThread "GC Thread#3"                     [id=17768, stack(0x000000e33d200000,0x000000e33d300000) (1024K)]
  0x0000027e41ae8200 WorkerThread "GC Thread#4"                     [id=26068, stack(0x000000e33d300000,0x000000e33d400000) (1024K)]
  0x0000027e41ae85b0 WorkerThread "GC Thread#5"                     [id=27064, stack(0x000000e33d400000,0x000000e33d500000) (1024K)]
  0x0000027e413e0010 WorkerThread "GC Thread#6"                     [id=7568, stack(0x000000e33d500000,0x000000e33d600000) (1024K)]
  0x0000027e413e03c0 WorkerThread "GC Thread#7"                     [id=23692, stack(0x000000e33d600000,0x000000e33d700000) (1024K)]
  0x0000027e411c9d40 WorkerThread "GC Thread#8"                     [id=16432, stack(0x000000e33d700000,0x000000e33d800000) (1024K)]
  0x0000027e411ca0f0 WorkerThread "GC Thread#9"                     [id=27820, stack(0x000000e33d800000,0x000000e33d900000) (1024K)]
  0x0000027e4e87e700 ConcurrentGCThread "G1 Main Marker"            [id=25588, stack(0x000000e33bd00000,0x000000e33be00000) (1024K)]
  0x0000027e4e87f9b0 WorkerThread "G1 Conc#0"                       [id=3680, stack(0x000000e33be00000,0x000000e33bf00000) (1024K)]
  0x0000027e4e8fa710 ConcurrentGCThread "G1 Refine#0"               [id=21960, stack(0x000000e33bf00000,0x000000e33c000000) (1024K)]
  0x0000027e4e8fb290 ConcurrentGCThread "G1 Service"                [id=6844, stack(0x000000e33c000000,0x000000e33c100000) (1024K)]
Total: 16

Threads with active compile tasks:
C2 CompilerThread0  17274 1765       4       java.lang.invoke.MethodType::makeImpl (109 bytes)
Total: 1

VM state: not at safepoint (normal execution)

VM Mutex/Monitor currently owned by a thread: None

Heap address: 0x00000000fc000000, size: 64 MB, Compressed Oops mode: 32-bit

CDS archive(s) mapped at: [0x0000027e00000000-0x0000027e00c60000-0x0000027e00c60000), size 12976128, SharedBaseAddress: 0x0000027e00000000, ArchiveRelocationMode: 1.
Compressed class space mapped at: 0x0000027e01000000-0x0000027e41000000, reserved size: 1073741824
Narrow klass base: 0x0000027e00000000, Narrow klass shift: 0, Narrow klass range: 0x41000000

GC Precious Log:
 CardTable entry size: 512
 Card Set container configuration: InlinePtr #cards 5 size 8 Array Of Cards #cards 12 size 40 Howl #buckets 4 coarsen threshold 1843 Howl Bitmap #cards 512 size 80 coarsen threshold 460 Card regions per heap region 1 cards per card region 2048
 CPUs: 12 total, 12 available
 Memory: 8059M
 Large Page Support: Disabled
 NUMA Support: Disabled
 Compressed Oops: Enabled (32-bit)
 Heap Region Size: 1M
 Heap Min Capacity: 8M
 Heap Initial Capacity: 64M
 Heap Max Capacity: 64M
 Pre-touch: Disabled
 Parallel Workers: 10
 Concurrent Workers: 3
 Concurrent Refinement Workers: 10
 Periodic GC: Disabled

Heap:
 garbage-first heap   total reserved 65536K, committed 65536K, used 9455K [0x00000000fc000000, 0x0000000100000000)
  region size 1024K, 8 young (8192K), 3 survivors (3072K)
 Metaspace       used 9280K, committed 9600K, reserved 1114112K
  class space    used 1127K, committed 1280K, reserved 1048576K

Heap Regions: E=young(eden), S=young(survivor), O=old, HS=humongous(starts), HC=humongous(continues), CS=collection set, F=free, TAMS=top-at-mark-start, PB=parsable bottom
|   0|0x00000000fc000000, 0x00000000fc100000, 0x00000000fc100000|100%|HS|  |TAMS 0x00000000fc000000| PB 0x00000000fc000000| Complete |  0
|   1|0x00000000fc100000, 0x00000000fc200000, 0x00000000fc200000|100%| O|  |TAMS 0x00000000fc100000| PB 0x00000000fc100000| Untracked |  0
|   2|0x00000000fc200000, 0x00000000fc23bfa0, 0x00000000fc300000| 23%| O|  |TAMS 0x00000000fc200000| PB 0x00000000fc200000| Untracked |  0
|   3|0x00000000fc300000, 0x00000000fc300000, 0x00000000fc400000|  0%| F|  |TAMS 0x00000000fc300000| PB 0x00000000fc300000| Untracked |  0
|   4|0x00000000fc400000, 0x00000000fc400000, 0x00000000fc500000|  0%| F|  |TAMS 0x00000000fc400000| PB 0x00000000fc400000| Untracked |  0
|   5|0x00000000fc500000, 0x00000000fc500000, 0x00000000fc600000|  0%| F|  |TAMS 0x00000000fc500000| PB 0x00000000fc500000| Untracked |  0
|   6|0x00000000fc600000, 0x00000000fc600000, 0x00000000fc700000|  0%| F|  |TAMS 0x00000000fc600000| PB 0x00000000fc600000| Untracked |  0
|   7|0x00000000fc700000, 0x00000000fc700000, 0x00000000fc800000|  0%| F|  |TAMS 0x00000000fc700000| PB 0x00000000fc700000| Untracked |  0
|   8|0x00000000fc800000, 0x00000000fc800000, 0x00000000fc900000|  0%| F|  |TAMS 0x00000000fc800000| PB 0x00000000fc800000| Untracked |  0
|   9|0x00000000fc900000, 0x00000000fc900000, 0x00000000fca00000|  0%| F|  |TAMS 0x00000000fc900000| PB 0x00000000fc900000| Untracked |  0
|  10|0x00000000fca00000, 0x00000000fca00000, 0x00000000fcb00000|  0%| F|  |TAMS 0x00000000fca00000| PB 0x00000000fca00000| Untracked |  0
|  11|0x00000000fcb00000, 0x00000000fcb00000, 0x00000000fcc00000|  0%| F|  |TAMS 0x00000000fcb00000| PB 0x00000000fcb00000| Untracked |  0
|  12|0x00000000fcc00000, 0x00000000fcc00000, 0x00000000fcd00000|  0%| F|  |TAMS 0x00000000fcc00000| PB 0x00000000fcc00000| Untracked |  0
|  13|0x00000000fcd00000, 0x00000000fcd00000, 0x00000000fce00000|  0%| F|  |TAMS 0x00000000fcd00000| PB 0x00000000fcd00000| Untracked |  0
|  14|0x00000000fce00000, 0x00000000fce00000, 0x00000000fcf00000|  0%| F|  |TAMS 0x00000000fce00000| PB 0x00000000fce00000| Untracked |  0
|  15|0x00000000fcf00000, 0x00000000fcf00000, 0x00000000fd000000|  0%| F|  |TAMS 0x00000000fcf00000| PB 0x00000000fcf00000| Untracked |  0
|  16|0x00000000fd000000, 0x00000000fd000000, 0x00000000fd100000|  0%| F|  |TAMS 0x00000000fd000000| PB 0x00000000fd000000| Untracked |  0
|  17|0x00000000fd100000, 0x00000000fd100000, 0x00000000fd200000|  0%| F|  |TAMS 0x00000000fd100000| PB 0x00000000fd100000| Untracked |  0
|  18|0x00000000fd200000, 0x00000000fd200000, 0x00000000fd300000|  0%| F|  |TAMS 0x00000000fd200000| PB 0x00000000fd200000| Untracked |  0
|  19|0x00000000fd300000, 0x00000000fd300000, 0x00000000fd400000|  0%| F|  |TAMS 0x00000000fd300000| PB 0x00000000fd300000| Untracked |  0
|  20|0x00000000fd400000, 0x00000000fd400000, 0x00000000fd500000|  0%| F|  |TAMS 0x00000000fd400000| PB 0x00000000fd400000| Untracked |  0
|  21|0x00000000fd500000, 0x00000000fd500000, 0x00000000fd600000|  0%| F|  |TAMS 0x00000000fd500000| PB 0x00000000fd500000| Untracked |  0
|  22|0x00000000fd600000, 0x00000000fd600000, 0x00000000fd700000|  0%| F|  |TAMS 0x00000000fd600000| PB 0x00000000fd600000| Untracked |  0
|  23|0x00000000fd700000, 0x00000000fd700000, 0x00000000fd800000|  0%| F|  |TAMS 0x00000000fd700000| PB 0x00000000fd700000| Untracked |  0
|  24|0x00000000fd800000, 0x00000000fd800000, 0x00000000fd900000|  0%| F|  |TAMS 0x00000000fd800000| PB 0x00000000fd800000| Untracked |  0
|  25|0x00000000fd900000, 0x00000000fd900000, 0x00000000fda00000|  0%| F|  |TAMS 0x00000000fd900000| PB 0x00000000fd900000| Untracked |  0
|  26|0x00000000fda00000, 0x00000000fda00000, 0x00000000fdb00000|  0%| F|  |TAMS 0x00000000fda00000| PB 0x00000000fda00000| Untracked |  0
|  27|0x00000000fdb00000, 0x00000000fdb00000, 0x00000000fdc00000|  0%| F|  |TAMS 0x00000000fdb00000| PB 0x00000000fdb00000| Untracked |  0
|  28|0x00000000fdc00000, 0x00000000fdc00000, 0x00000000fdd00000|  0%| F|  |TAMS 0x00000000fdc00000| PB 0x00000000fdc00000| Untracked |  0
|  29|0x00000000fdd00000, 0x00000000fdd00000, 0x00000000fde00000|  0%| F|  |TAMS 0x00000000fdd00000| PB 0x00000000fdd00000| Untracked |  0
|  30|0x00000000fde00000, 0x00000000fde00000, 0x00000000fdf00000|  0%| F|  |TAMS 0x00000000fde00000| PB 0x00000000fde00000| Untracked |  0
|  31|0x00000000fdf00000, 0x00000000fdf00000, 0x00000000fe000000|  0%| F|  |TAMS 0x00000000fdf00000| PB 0x00000000fdf00000| Untracked |  0
|  32|0x00000000fe000000, 0x00000000fe000000, 0x00000000fe100000|  0%| F|  |TAMS 0x00000000fe000000| PB 0x00000000fe000000| Untracked |  0
|  33|0x00000000fe100000, 0x00000000fe100000, 0x00000000fe200000|  0%| F|  |TAMS 0x00000000fe100000| PB 0x00000000fe100000| Untracked |  0
|  34|0x00000000fe200000, 0x00000000fe200000, 0x00000000fe300000|  0%| F|  |TAMS 0x00000000fe200000| PB 0x00000000fe200000| Untracked |  0
|  35|0x00000000fe300000, 0x00000000fe300000, 0x00000000fe400000|  0%| F|  |TAMS 0x00000000fe300000| PB 0x00000000fe300000| Untracked |  0
|  36|0x00000000fe400000, 0x00000000fe400000, 0x00000000fe500000|  0%| F|  |TAMS 0x00000000fe400000| PB 0x00000000fe400000| Untracked |  0
|  37|0x00000000fe500000, 0x00000000fe600000, 0x00000000fe600000|100%| S|CS|TAMS 0x00000000fe500000| PB 0x00000000fe500000| Complete |  0
|  38|0x00000000fe600000, 0x00000000fe700000, 0x00000000fe700000|100%| S|CS|TAMS 0x00000000fe600000| PB 0x00000000fe600000| Complete |  0
|  39|0x00000000fe700000, 0x00000000fe800000, 0x00000000fe800000|100%| S|CS|TAMS 0x00000000fe700000| PB 0x00000000fe700000| Complete |  0
|  40|0x00000000fe800000, 0x00000000fe800000, 0x00000000fe900000|  0%| F|  |TAMS 0x00000000fe800000| PB 0x00000000fe800000| Untracked |  0
|  41|0x00000000fe900000, 0x00000000fe900000, 0x00000000fea00000|  0%| F|  |TAMS 0x00000000fe900000| PB 0x00000000fe900000| Untracked |  0
|  42|0x00000000fea00000, 0x00000000fea00000, 0x00000000feb00000|  0%| F|  |TAMS 0x00000000fea00000| PB 0x00000000fea00000| Untracked |  0
|  43|0x00000000feb00000, 0x00000000feb00000, 0x00000000fec00000|  0%| F|  |TAMS 0x00000000feb00000| PB 0x00000000feb00000| Untracked |  0
|  44|0x00000000fec00000, 0x00000000fec00000, 0x00000000fed00000|  0%| F|  |TAMS 0x00000000fec00000| PB 0x00000000fec00000| Untracked |  0
|  45|0x00000000fed00000, 0x00000000fed00000, 0x00000000fee00000|  0%| F|  |TAMS 0x00000000fed00000| PB 0x00000000fed00000| Untracked |  0
|  46|0x00000000fee00000, 0x00000000fee00000, 0x00000000fef00000|  0%| F|  |TAMS 0x00000000fee00000| PB 0x00000000fee00000| Untracked |  0
|  47|0x00000000fef00000, 0x00000000fef00000, 0x00000000ff000000|  0%| F|  |TAMS 0x00000000fef00000| PB 0x00000000fef00000| Untracked |  0
|  48|0x00000000ff000000, 0x00000000ff000000, 0x00000000ff100000|  0%| F|  |TAMS 0x00000000ff000000| PB 0x00000000ff000000| Untracked |  0
|  49|0x00000000ff100000, 0x00000000ff100000, 0x00000000ff200000|  0%| F|  |TAMS 0x00000000ff100000| PB 0x00000000ff100000| Untracked |  0
|  50|0x00000000ff200000, 0x00000000ff200000, 0x00000000ff300000|  0%| F|  |TAMS 0x00000000ff200000| PB 0x00000000ff200000| Untracked |  0
|  51|0x00000000ff300000, 0x00000000ff300000, 0x00000000ff400000|  0%| F|  |TAMS 0x00000000ff300000| PB 0x00000000ff300000| Untracked |  0
|  52|0x00000000ff400000, 0x00000000ff400000, 0x00000000ff500000|  0%| F|  |TAMS 0x00000000ff400000| PB 0x00000000ff400000| Untracked |  0
|  53|0x00000000ff500000, 0x00000000ff500000, 0x00000000ff600000|  0%| F|  |TAMS 0x00000000ff500000| PB 0x00000000ff500000| Untracked |  0
|  54|0x00000000ff600000, 0x00000000ff600000, 0x00000000ff700000|  0%| F|  |TAMS 0x00000000ff600000| PB 0x00000000ff600000| Untracked |  0
|  55|0x00000000ff700000, 0x00000000ff700000, 0x00000000ff800000|  0%| F|  |TAMS 0x00000000ff700000| PB 0x00000000ff700000| Untracked |  0
|  56|0x00000000ff800000, 0x00000000ff800000, 0x00000000ff900000|  0%| F|  |TAMS 0x00000000ff800000| PB 0x00000000ff800000| Untracked |  0
|  57|0x00000000ff900000, 0x00000000ff900000, 0x00000000ffa00000|  0%| F|  |TAMS 0x00000000ff900000| PB 0x00000000ff900000| Untracked |  0
|  58|0x00000000ffa00000, 0x00000000ffa00000, 0x00000000ffb00000|  0%| F|  |TAMS 0x00000000ffa00000| PB 0x00000000ffa00000| Untracked |  0
|  59|0x00000000ffb00000, 0x00000000ffb261a8, 0x00000000ffc00000| 14%| E|  |TAMS 0x00000000ffb00000| PB 0x00000000ffb00000| Complete |  0
|  60|0x00000000ffc00000, 0x00000000ffd00000, 0x00000000ffd00000|100%| E|CS|TAMS 0x00000000ffc00000| PB 0x00000000ffc00000| Complete |  0
|  61|0x00000000ffd00000, 0x00000000ffe00000, 0x00000000ffe00000|100%| E|CS|TAMS 0x00000000ffd00000| PB 0x00000000ffd00000| Complete |  0
|  62|0x00000000ffe00000, 0x00000000fff00000, 0x00000000fff00000|100%| E|CS|TAMS 0x00000000ffe00000| PB 0x00000000ffe00000| Complete |  0
|  63|0x00000000fff00000, 0x0000000100000000, 0x0000000100000000|100%| E|CS|TAMS 0x00000000fff00000| PB 0x00000000fff00000| Complete |  0

Card table byte_map: [0x0000027e66ae0000,0x0000027e66b00000] _byte_map_base: 0x0000027e66300000

Marking Bits: (CMBitMap*) 0x0000027e4e87a500
 Bits: [0x0000027e66b00000, 0x0000027e66c00000)

Polling page: 0x0000027e4d030000

Metaspace:

Usage:
  Non-class:      7.96 MB used.
      Class:      1.10 MB used.
       Both:      9.06 MB used.

Virtual space:
  Non-class space:       64.00 MB reserved,       8.12 MB ( 13%) committed,  1 nodes.
      Class space:        1.00 GB reserved,       1.25 MB ( <1%) committed,  1 nodes.
             Both:        1.06 GB reserved,       9.38 MB ( <1%) committed. 

Chunk freelists:
   Non-Class:  7.30 MB
       Class:  14.79 MB
        Both:  22.09 MB

MaxMetaspaceSize: unlimited
CompressedClassSpaceSize: 1.00 GB
Initial GC threshold: 21.00 MB
Current GC threshold: 21.00 MB
CDS: on
 - commit_granule_bytes: 65536.
 - commit_granule_words: 8192.
 - virtual_space_node_default_size: 8388608.
 - enlarge_chunks_in_place: 1.
 - use_allocation_guard: 0.


Internal statistics:

num_allocs_failed_limit: 0.
num_arena_births: 192.
num_arena_deaths: 0.
num_vsnodes_births: 2.
num_vsnodes_deaths: 0.
num_space_committed: 150.
num_space_uncommitted: 0.
num_chunks_returned_to_freelist: 0.
num_chunks_taken_from_freelist: 466.
num_chunk_merges: 0.
num_chunk_splits: 302.
num_chunks_enlarged: 209.
num_inconsistent_stats: 0.

CodeHeap 'non-profiled nmethods': size=120000Kb used=494Kb max_used=494Kb free=119506Kb
 bounds [0x0000027e5e8e0000, 0x0000027e5eb50000, 0x0000027e65e10000]
CodeHeap 'profiled nmethods': size=120000Kb used=3479Kb max_used=3479Kb free=116521Kb
 bounds [0x0000027e56e10000, 0x0000027e57180000, 0x0000027e5e340000]
CodeHeap 'non-nmethods': size=5760Kb used=1423Kb max_used=1437Kb free=4336Kb
 bounds [0x0000027e5e340000, 0x0000027e5e5b0000, 0x0000027e5e8e0000]
 total_blobs=2303 nmethods=1789 adapters=419
 compilation: enabled
              stopped_count=0, restarted_count=0
 full_count=0

Compilation events (20 events):
Event: 15.803 Thread 0x0000027e4116f6a0 1786       3       java.util.regex.Pattern$BmpCharPropertyGreedy::match (89 bytes)
Event: 15.804 Thread 0x0000027e4116f6a0 nmethod 1786 0x0000027e57173910 code [0x0000027e57173b00, 0x0000027e57174130]
Event: 15.804 Thread 0x0000027e4116f6a0 1781       3       org.eclipse.lemminx.dom.parser.XMLScanner::finishToken (8 bytes)
Event: 15.804 Thread 0x0000027e4116f6a0 nmethod 1781 0x0000027e57174310 code [0x0000027e571744c0, 0x0000027e571746c0]
Event: 15.804 Thread 0x0000027e4116f6a0 1782       3       org.eclipse.lemminx.dom.parser.XMLScanner::finishToken (17 bytes)
Event: 15.804 Thread 0x0000027e4116f6a0 nmethod 1782 0x0000027e57174790 code [0x0000027e57174920, 0x0000027e57174ae8]
Event: 15.804 Thread 0x0000027e4116f6a0 1793       3       java.nio.Buffer::hasRemaining (17 bytes)
Event: 15.804 Thread 0x0000027e4116f6a0 nmethod 1793 0x0000027e57174b90 code [0x0000027e57174d20, 0x0000027e57174e88]
Event: 15.804 Thread 0x0000027e4116f6a0 1769       3       java.io.BufferedInputStream::implRead (49 bytes)
Event: 15.805 Thread 0x0000027e4116f6a0 nmethod 1769 0x0000027e57174f10 code [0x0000027e571750e0, 0x0000027e571753a0]
Event: 15.805 Thread 0x0000027e4116f6a0 1789       3       com.google.gson.stream.JsonWriter::newline (47 bytes)
Event: 15.805 Thread 0x0000027e4116f6a0 nmethod 1789 0x0000027e57175510 code [0x0000027e571756e0, 0x0000027e57175ab0]
Event: 15.805 Thread 0x0000027e4116f6a0 1787       1       org.eclipse.lsp4j.Position::getLine (5 bytes)
Event: 15.805 Thread 0x0000027e4116f6a0 nmethod 1787 0x0000027e5e95ac10 code [0x0000027e5e95ada0, 0x0000027e5e95ae68]
Event: 15.805 Thread 0x0000027e4116f6a0 1790       1       com.google.gson.stream.JsonWriter::setLenient (6 bytes)
Event: 15.805 Thread 0x0000027e4116f6a0 nmethod 1790 0x0000027e5e95af10 code [0x0000027e5e95b0a0, 0x0000027e5e95b170]
Event: 15.805 Thread 0x0000027e4116f6a0 1791       1       com.google.gson.stream.JsonWriter::setHtmlSafe (6 bytes)
Event: 15.805 Thread 0x0000027e4116f6a0 nmethod 1791 0x0000027e5e95b210 code [0x0000027e5e95b3a0, 0x0000027e5e95b470]
Event: 15.805 Thread 0x0000027e4116f6a0 1792       1       com.google.gson.stream.JsonWriter::setSerializeNulls (6 bytes)
Event: 15.805 Thread 0x0000027e4116f6a0 nmethod 1792 0x0000027e5e95b510 code [0x0000027e5e95b6a0, 0x0000027e5e95b770]

GC Heap History (2 events):
Event: 13.794 GC heap before
{Heap before GC invocations=0 (full 0):
 garbage-first heap   total reserved 65536K, committed 65536K, used 25600K [0x00000000fc000000, 0x0000000100000000)
  region size 1024K, 24 young (24576K), 0 survivors (0K)
 Metaspace       used 8278K, committed 8512K, reserved 1114112K
  class space    used 1011K, committed 1152K, reserved 1048576K
}
Event: 13.811 GC heap after
{Heap after GC invocations=1 (full 0):
 garbage-first heap   total reserved 65536K, committed 65536K, used 5359K [0x00000000fc000000, 0x0000000100000000)
  region size 1024K, 3 young (3072K), 3 survivors (3072K)
 Metaspace       used 8278K, committed 8512K, reserved 1114112K
  class space    used 1011K, committed 1152K, reserved 1048576K
}

Dll operation events (6 events):
Event: 0.013 Loaded shared library C:\Users\My Lap\.jdks\corretto-22.0.2\bin\java.dll
Event: 0.052 Loaded shared library C:\Users\My Lap\.jdks\corretto-22.0.2\bin\jsvml.dll
Event: 0.074 Loaded shared library C:\Users\My Lap\.jdks\corretto-22.0.2\bin\net.dll
Event: 0.078 Loaded shared library C:\Users\My Lap\.jdks\corretto-22.0.2\bin\nio.dll
Event: 0.093 Loaded shared library C:\Users\My Lap\.jdks\corretto-22.0.2\bin\zip.dll
Event: 0.147 Loaded shared library C:\Users\My Lap\.jdks\corretto-22.0.2\bin\jimage.dll

Deoptimization events (20 events):
Event: 13.812 Thread 0x0000027e41141800 DEOPT PACKING pc=0x0000027e5e92c2c0 sp=0x000000e33c3ff130
Event: 13.812 Thread 0x0000027e41141800 DEOPT UNPACKING pc=0x0000027e5e3946a2 sp=0x000000e33c3ff0c0 mode 2
Event: 13.812 Thread 0x0000027e41804990 Uncommon trap: trap_request=0xffffff45 fr.pc=0x0000027e5e92d0a0 relative=0x0000000000000100
Event: 13.812 Thread 0x0000027e41804990 Uncommon trap: reason=unstable_if action=reinterpret pc=0x0000027e5e92d0a0 method=java.lang.ref.SoftReference.get()Ljava/lang/Object; @ 17 c2
Event: 13.812 Thread 0x0000027e41804990 DEOPT PACKING pc=0x0000027e5e92d0a0 sp=0x000000e33cffa2f0
Event: 13.812 Thread 0x0000027e41804990 DEOPT UNPACKING pc=0x0000027e5e3946a2 sp=0x000000e33cffa2a0 mode 2
Event: 13.818 Thread 0x0000027e41804990 DEOPT PACKING pc=0x0000027e56e6fa9d sp=0x000000e33cffa310
Event: 13.818 Thread 0x0000027e41804990 DEOPT UNPACKING pc=0x0000027e5e394e42 sp=0x000000e33cff9818 mode 0
Event: 13.854 Thread 0x0000027e41804990 Uncommon trap: trap_request=0xffffff45 fr.pc=0x0000027e5e940738 relative=0x0000000000000098
Event: 13.854 Thread 0x0000027e41804990 Uncommon trap: reason=unstable_if action=reinterpret pc=0x0000027e5e940738 method=java.lang.ref.ReferenceQueue.headIsNull()Z @ 4 c2
Event: 13.854 Thread 0x0000027e41804990 DEOPT PACKING pc=0x0000027e5e940738 sp=0x000000e33cffddd0
Event: 13.854 Thread 0x0000027e41804990 DEOPT UNPACKING pc=0x0000027e5e3946a2 sp=0x000000e33cffdc90 mode 2
Event: 13.854 Thread 0x0000027e41804990 Uncommon trap: trap_request=0xffffff45 fr.pc=0x0000027e5e91de6c relative=0x000000000000006c
Event: 13.854 Thread 0x0000027e41804990 Uncommon trap: reason=unstable_if action=reinterpret pc=0x0000027e5e91de6c method=java.lang.ref.ReferenceQueue.headIsNull()Z @ 4 c2
Event: 13.854 Thread 0x0000027e41804990 DEOPT PACKING pc=0x0000027e5e91de6c sp=0x000000e33cffdd60
Event: 13.854 Thread 0x0000027e41804990 DEOPT UNPACKING pc=0x0000027e5e3946a2 sp=0x000000e33cffdc90 mode 2
Event: 15.732 Thread 0x0000027e41811fb0 Uncommon trap: trap_request=0xffffff45 fr.pc=0x0000027e5e92ae38 relative=0x00000000000003d8
Event: 15.732 Thread 0x0000027e41811fb0 Uncommon trap: reason=unstable_if action=reinterpret pc=0x0000027e5e92ae38 method=java.util.regex.Pattern$BmpCharPropertyGreedy.match(Ljava/util/regex/Matcher;ILjava/lang/CharSequence;)Z @ 12 c2
Event: 15.732 Thread 0x0000027e41811fb0 DEOPT PACKING pc=0x0000027e5e92ae38 sp=0x000000e33d9feb60
Event: 15.732 Thread 0x0000027e41811fb0 DEOPT UNPACKING pc=0x0000027e5e3946a2 sp=0x000000e33d9feae8 mode 2

Classes loaded (20 events):
Event: 13.859 Loading class org/xml/sax/ext/Attributes2
Event: 13.859 Loading class org/xml/sax/ext/Attributes2 done
Event: 13.860 Loading class java/lang/ArrayIndexOutOfBoundsException
Event: 13.860 Loading class java/lang/ArrayIndexOutOfBoundsException done
Event: 13.872 Loading class org/xml/sax/InputSource
Event: 13.872 Loading class org/xml/sax/InputSource done
Event: 13.888 Loading class org/xml/sax/ext/Locator2
Event: 13.888 Loading class org/xml/sax/ext/Locator2 done
Event: 14.913 Loading class java/io/FileOutputStream$1
Event: 14.913 Loading class java/io/FileOutputStream$1 done
Event: 15.711 Loading class java/util/concurrent/CompletableFuture$UniApply
Event: 15.712 Loading class java/util/concurrent/CompletableFuture$UniCompletion
Event: 15.712 Loading class java/util/concurrent/CompletableFuture$UniCompletion done
Event: 15.712 Loading class java/util/concurrent/CompletableFuture$UniApply done
Event: 15.714 Loading class java/util/concurrent/CompletableFuture$UniAccept
Event: 15.714 Loading class java/util/concurrent/CompletableFuture$UniAccept done
Event: 15.714 Loading class java/util/concurrent/CompletableFuture$UniExceptionally
Event: 15.714 Loading class java/util/concurrent/CompletableFuture$UniExceptionally done
Event: 15.718 Loading class java/util/concurrent/CompletableFuture$Signaller
Event: 15.718 Loading class java/util/concurrent/CompletableFuture$Signaller done

Classes unloaded (0 events):
No events

Classes redefined (0 events):
No events

Internal exceptions (20 events):
Event: 0.613 Thread 0x0000027e416f8af0 Exception <a 'java/lang/NoSuchMethodError'{0x00000000ff5c9640}: 'int java.lang.invoke.DirectMethodHandle$Holder.invokeSpecial(java.lang.Object, java.lang.Object, java.lang.Object)'> (0x00000000ff5c9640) 
thrown [s\src\hotspot\share\interpreter\linkResolver.cpp, line 774]
Event: 0.623 Thread 0x0000027e416f8af0 Exception <a 'java/lang/NoSuchMethodError'{0x00000000ff5f20d8}: 'void java.lang.invoke.Invokers$Holder.invokeExact_MT(java.lang.Object, java.lang.Object, java.lang.Object, java.lang.Object)'> (0x00000000ff5f20d8) 
thrown [s\src\hotspot\share\interpreter\linkResolver.cpp, line 774]
Event: 0.639 Thread 0x0000027e416f8af0 Exception <a 'java/lang/NoSuchMethodError'{0x00000000ff4572a0}: 'void java.lang.invoke.DelegatingMethodHandle$Holder.reinvoke_L(java.lang.Object, java.lang.Object, int)'> (0x00000000ff4572a0) 
thrown [s\src\hotspot\share\interpreter\linkResolver.cpp, line 774]
Event: 0.640 Thread 0x0000027e416f8af0 Exception <a 'java/lang/NoSuchMethodError'{0x00000000ff45ded0}: 'int java.lang.invoke.Invokers$Holder.invokeExact_MT(java.lang.Object, java.lang.Object, java.lang.Object)'> (0x00000000ff45ded0) 
thrown [s\src\hotspot\share\interpreter\linkResolver.cpp, line 774]
Event: 0.722 Thread 0x0000027e416f8af0 Exception <a 'java/lang/NoSuchMethodError'{0x00000000ff3c5ab0}: 'java.lang.Object java.lang.invoke.DirectMethodHandle$Holder.invokeInterface(java.lang.Object, java.lang.Object, java.lang.Object)'> (0x00000000ff3c5ab0) 
thrown [s\src\hotspot\share\interpreter\linkResolver.cpp, line 774]
Event: 0.768 Thread 0x0000027e416f8af0 Exception <a 'sun/nio/fs/WindowsException'{0x00000000ff269f70}> (0x00000000ff269f70) 
thrown [s\src\hotspot\share\prims\jni.cpp, line 520]
Event: 0.771 Thread 0x0000027e416f8af0 Exception <a 'sun/nio/fs/WindowsException'{0x00000000ff270168}> (0x00000000ff270168) 
thrown [s\src\hotspot\share\prims\jni.cpp, line 520]
Event: 0.898 Thread 0x0000027e416f8af0 Exception <a 'java/lang/ClassNotFoundException'{0x00000000ff0a6958}: sun/util/logging/resources/spi/loggingProvider> (0x00000000ff0a6958) 
thrown [s\src\hotspot\share\classfile\systemDictionary.cpp, line 313]
Event: 10.855 Thread 0x0000027e416f8af0 Exception <a 'java/lang/NoSuchMethodError'{0x00000000fee35e88}: 'void java.lang.invoke.DirectMethodHandle$Holder.invokeInterface(java.lang.Object, java.lang.Object, java.lang.Object)'> (0x00000000fee35e88) 
thrown [s\src\hotspot\share\interpreter\linkResolver.cpp, line 774]
Event: 10.855 Thread 0x0000027e416f8af0 Exception <a 'java/lang/IncompatibleClassChangeError'{0x00000000fee38f78}: Found class java.lang.Object, but interface was expected> (0x00000000fee38f78) 
thrown [s\src\hotspot\share\interpreter\linkResolver.cpp, line 841]
Event: 10.931 Thread 0x0000027e416f8af0 Exception <a 'java/lang/NoSuchMethodError'{0x00000000fee877b0}: 'java.lang.Object java.lang.invoke.DirectMethodHandle$Holder.invokeStaticInit(java.lang.Object, int, int, int, int)'> (0x00000000fee877b0) 
thrown [s\src\hotspot\share\interpreter\linkResolver.cpp, line 774]
Event: 11.032 Thread 0x0000027e416f8af0 Exception <a 'java/lang/NoSuchMethodError'{0x00000000fed57980}: 'java.lang.Object java.lang.invoke.DirectMethodHandle$Holder.invokeStaticInit(java.lang.Object, java.lang.Object, int, int, int, int)'> (0x00000000fed57980) 
thrown [s\src\hotspot\share\interpreter\linkResolver.cpp, line 774]
Event: 13.588 Thread 0x0000027e41804990 Exception <a 'java/lang/NoSuchMethodError'{0x00000000fec32f38}: 'int java.lang.invoke.DirectMethodHandle$Holder.invokeStaticInit(java.lang.Object, java.lang.Object)'> (0x00000000fec32f38) 
thrown [s\src\hotspot\share\interpreter\linkResolver.cpp, line 774]
Event: 13.624 Thread 0x0000027e41804990 Exception <a 'java/lang/NoSuchMethodError'{0x00000000feca23e8}: 'java.lang.Object java.lang.invoke.DirectMethodHandle$Holder.invokeSpecial(java.lang.Object, java.lang.Object, int, long)'> (0x00000000feca23e8) 
thrown [s\src\hotspot\share\interpreter\linkResolver.cpp, line 774]
Event: 13.736 Thread 0x0000027e41804990 Implicit null exception at 0x0000027e5e951c38 to 0x0000027e5e951ec0
Event: 13.769 Thread 0x0000027e41804990 Implicit null exception at 0x0000027e5e9255ba to 0x0000027e5e925820
Event: 14.915 Thread 0x0000027e416f8af0 Exception <a 'sun/nio/fs/WindowsException'{0x00000000ffdb85d0}> (0x00000000ffdb85d0) 
thrown [s\src\hotspot\share\prims\jni.cpp, line 520]
Event: 15.709 Thread 0x0000027e416f8af0 Exception <a 'java/lang/IncompatibleClassChangeError'{0x00000000ffc216f0}: Found class java.lang.Object, but interface was expected> (0x00000000ffc216f0) 
thrown [s\src\hotspot\share\interpreter\linkResolver.cpp, line 841]
Event: 15.722 Thread 0x0000027e416f8af0 Exception <a 'java/lang/IncompatibleClassChangeError'{0x00000000ffc3cce8}: Found class java.lang.Object, but interface was expected> (0x00000000ffc3cce8) 
thrown [s\src\hotspot\share\interpreter\linkResolver.cpp, line 841]
Event: 15.739 Thread 0x0000027e416f8af0 Exception <a 'java/lang/IncompatibleClassChangeError'{0x00000000ffc70a60}: Found class java.lang.Object, but interface was expected> (0x00000000ffc70a60) 
thrown [s\src\hotspot\share\interpreter\linkResolver.cpp, line 841]

ZGC Phase Switch (0 events):
No events

VM Operations (20 events):
Event: 0.868 Executing VM operation: HandshakeAllThreads (Deoptimize)
Event: 0.868 Executing VM operation: HandshakeAllThreads (Deoptimize) done
Event: 0.870 Executing VM operation: HandshakeAllThreads (Deoptimize)
Event: 0.870 Executing VM operation: HandshakeAllThreads (Deoptimize) done
Event: 1.878 Executing VM operation: Cleanup
Event: 1.879 Executing VM operation: Cleanup done
Event: 10.861 Executing VM operation: HandshakeAllThreads (Deoptimize)
Event: 10.861 Executing VM operation: HandshakeAllThreads (Deoptimize) done
Event: 10.861 Executing VM operation: Cleanup
Event: 10.861 Executing VM operation: Cleanup done
Event: 10.873 Executing VM operation: HandshakeAllThreads (Deoptimize)
Event: 10.873 Executing VM operation: HandshakeAllThreads (Deoptimize) done
Event: 11.878 Executing VM operation: Cleanup
Event: 11.880 Executing VM operation: Cleanup done
Event: 13.792 Executing VM operation: G1CollectForAllocation (G1 Evacuation Pause)
Event: 13.812 Executing VM operation: G1CollectForAllocation (G1 Evacuation Pause) done
Event: 14.815 Executing VM operation: Cleanup
Event: 14.815 Executing VM operation: Cleanup done
Event: 15.827 Executing VM operation: Cleanup
Event: 15.827 Executing VM operation: Cleanup done

Memory protections (0 events):
No events

Nmethod flushes (0 events):
No events

Events (17 events):
Event: 0.036 Thread 0x0000027e4cd74390 Thread added: 0x0000027e4cd74390
Event: 0.049 Thread 0x0000027e4cd74390 Thread added: 0x0000027e41141800
Event: 0.049 Thread 0x0000027e4cd74390 Thread added: 0x0000027e41142610
Event: 0.049 Thread 0x0000027e4cd74390 Thread added: 0x0000027e41145cb0
Event: 0.050 Thread 0x0000027e4cd74390 Thread added: 0x0000027e41146710
Event: 0.050 Thread 0x0000027e4cd74390 Thread added: 0x0000027e4114b340
Event: 0.050 Thread 0x0000027e4cd74390 Thread added: 0x0000027e4114c1b0
Event: 0.050 Thread 0x0000027e4cd74390 Thread added: 0x0000027e4116a900
Event: 0.050 Thread 0x0000027e4cd74390 Thread added: 0x0000027e4116f6a0
Event: 0.068 Thread 0x0000027e4cd74390 Thread added: 0x0000027e413c5a20
Event: 0.072 Thread 0x0000027e4cd74390 Thread added: 0x0000027e413d20f0
Event: 0.593 Thread 0x0000027e4cd74390 Thread added: 0x0000027e416f8af0
Event: 0.594 Thread 0x0000027e4cd74390 Thread exited: 0x0000027e4cd74390
Event: 0.594 Thread 0x0000027e4cd74390 Thread added: 0x0000027e4cd74390
Event: 11.057 Thread 0x0000027e416f8af0 Thread added: 0x0000027e41919c30
Event: 13.574 Thread 0x0000027e416f8af0 Thread added: 0x0000027e41804990
Event: 15.719 Thread 0x0000027e41804990 Thread added: 0x0000027e41811fb0


Dynamic libraries:
0x00007ff6a46f0000 - 0x00007ff6a46fe000 	C:\Users\My Lap\.jdks\corretto-22.0.2\bin\java.exe
0x00007ffc1fc60000 - 0x00007ffc1fec8000 	C:\WINDOWS\SYSTEM32\ntdll.dll
0x00007ffc1fb00000 - 0x00007ffc1fbc9000 	C:\WINDOWS\System32\KERNEL32.DLL
0x00007ffc1cf90000 - 0x00007ffc1d382000 	C:\WINDOWS\System32\KERNELBASE.dll
0x00007ffc1d5a0000 - 0x00007ffc1d6eb000 	C:\WINDOWS\System32\ucrtbase.dll
0x00007ffbea780000 - 0x00007ffbea797000 	C:\Users\My Lap\.jdks\corretto-22.0.2\bin\jli.dll
0x00007ffbe6310000 - 0x00007ffbe632b000 	C:\Users\My Lap\.jdks\corretto-22.0.2\bin\VCRUNTIME140.dll
0x00007ffc1efb0000 - 0x00007ffc1f175000 	C:\WINDOWS\System32\USER32.dll
0x00007ffc1cf60000 - 0x00007ffc1cf87000 	C:\WINDOWS\System32\win32u.dll
0x00007ffc05ed0000 - 0x00007ffc06163000 	C:\WINDOWS\WinSxS\amd64_microsoft.windows.common-controls_6595b64144ccf1df_6.0.26100.6899_none_3e0efeeae32e88c1\COMCTL32.dll
0x00007ffc1dab0000 - 0x00007ffc1dadb000 	C:\WINDOWS\System32\GDI32.dll
0x00007ffc1e440000 - 0x00007ffc1e4e9000 	C:\WINDOWS\System32\msvcrt.dll
0x00007ffc1d790000 - 0x00007ffc1d8bd000 	C:\WINDOWS\System32\gdi32full.dll
0x00007ffc1d8c0000 - 0x00007ffc1d963000 	C:\WINDOWS\System32\msvcp_win.dll
0x00007ffc1dc50000 - 0x00007ffc1dc7f000 	C:\WINDOWS\System32\IMM32.DLL
0x00007ffbf2ea0000 - 0x00007ffbf2eac000 	C:\Users\My Lap\.jdks\corretto-22.0.2\bin\vcruntime140_1.dll
0x00007ffb6bf30000 - 0x00007ffb6bfbd000 	C:\Users\My Lap\.jdks\corretto-22.0.2\bin\msvcp140.dll
0x00007ffb4f340000 - 0x00007ffb50111000 	C:\Users\My Lap\.jdks\corretto-22.0.2\bin\server\jvm.dll
0x00007ffc1ebb0000 - 0x00007ffc1ec64000 	C:\WINDOWS\System32\ADVAPI32.dll
0x00007ffc1f5d0000 - 0x00007ffc1f676000 	C:\WINDOWS\System32\sechost.dll
0x00007ffc1f210000 - 0x00007ffc1f328000 	C:\WINDOWS\System32\RPCRT4.dll
0x00007ffc1e4f0000 - 0x00007ffc1e564000 	C:\WINDOWS\System32\WS2_32.dll
0x00007ffc1cc50000 - 0x00007ffc1ccae000 	C:\WINDOWS\SYSTEM32\POWRPROF.dll
0x00007ffc14190000 - 0x00007ffc1419b000 	C:\WINDOWS\SYSTEM32\VERSION.dll
0x00007ffc0ad50000 - 0x00007ffc0ad85000 	C:\WINDOWS\SYSTEM32\WINMM.dll
0x00007ffc1cc30000 - 0x00007ffc1cc44000 	C:\WINDOWS\SYSTEM32\UMPDC.dll
0x00007ffc1bbc0000 - 0x00007ffc1bbdb000 	C:\WINDOWS\SYSTEM32\kernel.appcore.dll
0x00007ffbea380000 - 0x00007ffbea38a000 	C:\Users\My Lap\.jdks\corretto-22.0.2\bin\jimage.dll
0x00007ffc1a5d0000 - 0x00007ffc1a812000 	C:\WINDOWS\SYSTEM32\DBGHELP.DLL
0x00007ffc1f680000 - 0x00007ffc1f9fb000 	C:\WINDOWS\System32\combase.dll
0x00007ffc1eed0000 - 0x00007ffc1efa7000 	C:\WINDOWS\System32\OLEAUT32.dll
0x00007ffc07f10000 - 0x00007ffc07f4c000 	C:\WINDOWS\SYSTEM32\dbgcore.DLL
0x00007ffc1d6f0000 - 0x00007ffc1d788000 	C:\WINDOWS\System32\bcryptPrimitives.dll
0x00007ffbdc870000 - 0x00007ffbdc88e000 	C:\Users\My Lap\.jdks\corretto-22.0.2\bin\java.dll
0x00007ffc1dc90000 - 0x00007ffc1e3dd000 	C:\WINDOWS\System32\SHELL32.dll
0x00007ffc1cdf0000 - 0x00007ffc1cf5b000 	C:\WINDOWS\System32\wintypes.dll
0x00007ffc1e570000 - 0x00007ffc1e708000 	C:\WINDOWS\System32\ole32.dll
0x00007ffc1aa80000 - 0x00007ffc1b2dd000 	C:\WINDOWS\SYSTEM32\windows.storage.dll
0x00007ffc1fa00000 - 0x00007ffc1faf2000 	C:\WINDOWS\System32\SHCORE.dll
0x00007ffc1f510000 - 0x00007ffc1f572000 	C:\WINDOWS\System32\shlwapi.dll
0x00007ffc1cd10000 - 0x00007ffc1cd39000 	C:\WINDOWS\SYSTEM32\profapi.dll
0x00007ffb6be50000 - 0x00007ffb6bf27000 	C:\Users\My Lap\.jdks\corretto-22.0.2\bin\jsvml.dll
0x00007ffbe9230000 - 0x00007ffbe9240000 	C:\Users\My Lap\.jdks\corretto-22.0.2\bin\net.dll
0x00007ffc1c130000 - 0x00007ffc1c19b000 	C:\WINDOWS\system32\mswsock.dll
0x00007ffbdc350000 - 0x00007ffbdc366000 	C:\Users\My Lap\.jdks\corretto-22.0.2\bin\nio.dll
0x00007ffbc2810000 - 0x00007ffbc2827000 	C:\Users\My Lap\.jdks\corretto-22.0.2\bin\zip.dll
0x00007ffc1c3e0000 - 0x00007ffc1c3fb000 	C:\WINDOWS\SYSTEM32\CRYPTSP.dll
0x00007ffc1bb20000 - 0x00007ffc1bb5b000 	C:\WINDOWS\system32\rsaenh.dll
0x00007ffc1c1d0000 - 0x00007ffc1c1fb000 	C:\WINDOWS\SYSTEM32\USERENV.dll
0x00007ffc1cce0000 - 0x00007ffc1cd06000 	C:\WINDOWS\SYSTEM32\bcrypt.dll
0x00007ffc1c400000 - 0x00007ffc1c40c000 	C:\WINDOWS\SYSTEM32\CRYPTBASE.dll
0x00007ffc1b5e0000 - 0x00007ffc1b614000 	C:\WINDOWS\SYSTEM32\IPHLPAPI.DLL
0x00007ffc1e710000 - 0x00007ffc1e71a000 	C:\WINDOWS\System32\NSI.dll

dbghelp: loaded successfully - version: 4.0.5 - missing functions: none
symbol engine: initialized successfully - sym options: 0x614 - pdb path: .;C:\Users\My Lap\.jdks\corretto-22.0.2\bin;C:\WINDOWS\SYSTEM32;C:\WINDOWS\WinSxS\amd64_microsoft.windows.common-controls_6595b64144ccf1df_6.0.26100.6899_none_3e0efeeae32e88c1;C:\Users\My Lap\.jdks\corretto-22.0.2\bin\server

VM Arguments:
jvm_args: -DwatchParentProcess=false -XX:+ExitOnOutOfMemoryError -XX:+HeapDumpOnOutOfMemoryError -XX:HeapDumpPath=c:\Users\My Lap\AppData\Roaming\Code\User\globalStorage\redhat.vscode-xml -Xmx64M 
java_command: org.eclipse.lemminx.XMLServerLauncher
java_class_path (initial): c:\Users\My Lap\.vscode\extensions\redhat.vscode-xml-0.29.0-win32-x64\server\org.eclipse.lemminx-0.31.0-uber.jar
Launcher Type: SUN_STANDARD

[Global flags]
     intx CICompilerCount                          = 4                                         {product} {ergonomic}
     uint ConcGCThreads                            = 3                                         {product} {ergonomic}
     bool ExitOnOutOfMemoryError                   = true                                      {product} {command line}
     uint G1ConcRefinementThreads                  = 10                                        {product} {ergonomic}
   size_t G1HeapRegionSize                         = 1048576                                   {product} {ergonomic}
     bool HeapDumpOnOutOfMemoryError               = true                                   {manageable} {command line}
    ccstr HeapDumpPath                             = c:\Users\My Lap\AppData\Roaming\Code\User\globalStorage\redhat.vscode-xml         {manageable} {command line}
   size_t InitialHeapSize                          = 67108864                                  {product} {ergonomic}
   size_t MarkStackSize                            = 4194304                                   {product} {ergonomic}
   size_t MaxHeapSize                              = 67108864                                  {product} {command line}
   size_t MaxNewSize                               = 39845888                                  {product} {ergonomic}
   size_t MinHeapDeltaBytes                        = 1048576                                   {product} {ergonomic}
   size_t MinHeapSize                              = 8388608                                   {product} {ergonomic}
    uintx NonNMethodCodeHeapSize                   = 5839372                                {pd product} {ergonomic}
    uintx NonProfiledCodeHeapSize                  = 122909434                              {pd product} {ergonomic}
    uintx ProfiledCodeHeapSize                     = 122909434                              {pd product} {ergonomic}
    uintx ReservedCodeCacheSize                    = 251658240                              {pd product} {ergonomic}
     bool SegmentedCodeCache                       = true                                      {product} {ergonomic}
   size_t SoftMaxHeapSize                          = 67108864                               {manageable} {ergonomic}
     bool UseCompressedOops                        = true                           {product lp64_product} {ergonomic}
     bool UseG1GC                                  = true                                      {product} {ergonomic}
     bool UseLargePagesIndividualAllocation        = false                                  {pd product} {ergonomic}

Logging:
Log output configuration:
 #0: stdout all=warning uptime,level,tags foldmultilines=false
 #1: stderr all=off uptime,level,tags foldmultilines=false

Environment Variables:
JAVA_HOME=C:\Users\My Lap\.jdks\corretto-22.0.2
PATH=C:\Program Files\Microsoft MPI\Bin\;C:\Windows\system32;C:\Windows;C:\Windows\System32\Wbem;C:\Windows\System32\WindowsPowerShell\v1.0\;C:\Windows\System32\OpenSSH\;C:\Program Files (x86)\NVIDIA Corporation\PhysX\Common;C:\WINDOWS\system32;C:\WINDOWS;C:\WINDOWS\System32\Wbem;C:\WINDOWS\System32\WindowsPowerShell\v1.0\;C:\WINDOWS\System32\OpenSSH\;C:\Program Files\Microsoft SQL Server\Client SDK\ODBC\170\Tools\Binn\;C:\Program Files (x86)\Microsoft SQL Server\160\DTS\Binn\;C:\Program Files\Git\cmd;C:\Program Files (x86)\Microsoft SQL Server\160\Tools\Binn\;C:\Program Files\Microsoft SQL Server\160\Tools\Binn\;C:\Program Files\Microsoft SQL Server\160\DTS\Binn\;D:\Tools\maven\apache-maven-3.9.9-bin\apache-maven-3.9.9;D:\Tools\maven\apache-maven-3.9.9-bin\apache-maven-3.9.9\bin;C:\Users\My Lap\.jdks\corretto-22.0.2\bin;C:\Users\My Lap\AppData\Local\Programs\Python\Python312\Scripts\;C:\Users\My Lap\AppData\Local\Programs\Python\Python312\;C:\Users\My Lap\AppData\Local\Programs\Python\Python313\;C:\Users\My Lap\AppData\Local\Programs\Python\Python313\Scripts\;C:\Users\My Lap\AppData\Local\Programs\Python\Launcher\;C:\Program Files\MySQL\MySQL Shell 8.0\bin\;C:\Users\My Lap\AppData\Local\Microsoft\WindowsApps;C:\Program Files\Azure Data Studio\bin;C:\Users\My Lap\AppData\Local\Programs\Microsoft VS Code\bin;C:\Users\My Lap\AppData\Local\GitHubDesktop\bin;C:\Program Files\JetBrains\IntelliJ IDEA 2024.3.1.1\bin;C:\Users\My Lap\AppData\Local\JetBrains\Toolbox\scripts;C:\Users\My Lap\AppData\Local\Microsoft\WindowsApps;C:\Users\My Lap\AppData\Roaming\Microsoft\Windows\Start Menu\Programs\Python 3.13;
USERNAME=My Lap
OS=Windows_NT
PROCESSOR_IDENTIFIER=Intel64 Family 6 Model 165 Stepping 2, GenuineIntel
TMP=C:\Users\MYLAP~1\AppData\Local\Temp
TEMP=C:\Users\MYLAP~1\AppData\Local\Temp




Periodic native trim disabled

---------------  S Y S T E M  ---------------

OS:
 Windows 11 , 64 bit Build 26100 (10.0.26100.6725)
OS uptime: 0 days 6:18 hours

CPU: total 12 (initial active 12) (6 cores per cpu, 2 threads per core) family 6 model 165 stepping 2 microcode 0xe2, cx8, cmov, fxsr, ht, mmx, 3dnowpref, sse, sse2, sse3, ssse3, sse4.1, sse4.2, popcnt, lzcnt, tsc, tscinvbit, avx, avx2, aes, erms, clmul, bmi1, bmi2, adx, fma, vzeroupper, clflush, clflushopt, rdtscp, f16c, pku
Processor Information for all 12 processors :
  Max Mhz: 2592, Current Mhz: 2592, Mhz Limit: 2592

Memory: 4k page, system-wide physical 8059M (312M free)
TotalPageFile size 32635M (AvailPageFile size 0M)
current process WorkingSet (physical memory assigned to process): 85M, peak: 85M
current process commit charge ("private bytes"): 183M, peak: 185M

vm_info: OpenJDK 64-Bit Server VM (22.0.2+9-FR) for windows-amd64 JRE (22.0.2+9-FR), built on 2024-07-09T01:10:09Z by "Administrator" with MS VC++ 16.10 / 16.11 (VS2019)

END.
